Copyright 1986-2015 Xilinx, Inc. All Rights Reserved.
----------------------------------------------------------------------------------------------------------------
| Tool Version : Vivado v.2015.4 (win64) Build 1412921 Wed Nov 18 09:43:45 MST 2015
| Date         : Mon Jul 16 10:43:23 2018
| Host         : SYRTEPC068 running 64-bit Service Pack 1  (build 7601)
| Command      : report_timing -file out/post_route_timing.rpt -sort_by group -max_paths 100 -path_type summary
| Design       : red_pitaya_top
| Device       : 7z010-clg400
| Speed File   : -1  PRODUCTION 1.11 2014-09-11
----------------------------------------------------------------------------------------------------------------

Timing Report

Startpoint                     Endpoint                       Slack(ns)     
----------------------------------------------------------------------------
i_dsp/genblk4[4].iir/y1a_reg[1]/C
                               i_dsp/genblk4[4].iir/overflow_reg[0]/D
                                                              -5.589        
i_dsp/genblk4[4].iir/y1b_reg[16]/C
                               i_dsp/genblk4[4].iir/overflow_reg[4]/D
                                                              -5.363        
i_dsp/genblk4[4].iir/b0_reg[11]/C
                               i_dsp/genblk4[4].iir/overflow_reg[3]/D
                                                              -5.229        
i_dsp/genblk4[4].iir/y1b_reg[16]/C
                               i_dsp/genblk4[4].iir/p_by1_reg[25]/D
                                                              -5.189        
i_dsp/genblk4[4].iir/y1b_reg[16]/C
                               i_dsp/genblk4[4].iir/p_by1_reg[7]/D
                                                              -5.187        
i_dsp/genblk4[4].iir/y2a_reg[16]/C
                               i_dsp/genblk4[4].iir/overflow_reg[1]/D
                                                              -5.118        
i_dsp/genblk6[7].iq_2_outputs/iqfilter[1]/genblk2[0].lpf/y_reg[43]/C
                               i_dsp/genblk6[7].iq_2_outputs/modulator/secondproduct1/D[6]
                                                              -5.067        
i_dsp/genblk4[4].iir/y1b_reg[16]/C
                               i_dsp/genblk4[4].iir/p_by1_reg[3]/D
                                                              -5.060        
i_dsp/genblk6[7].iq_2_outputs/iqfilter[1]/genblk2[0].lpf/y_reg[43]/C
                               i_dsp/genblk6[7].iq_2_outputs/modulator/secondproduct1/D[12]
                                                              -5.051        
i_dsp/genblk6[7].iq_2_outputs/iqfilter[1]/genblk2[0].lpf/y_reg[43]/C
                               i_dsp/genblk6[7].iq_2_outputs/modulator/secondproduct1/D[9]
                                                              -5.032        
i_dsp/genblk4[4].iir/y1b_reg[16]/C
                               i_dsp/genblk4[4].iir/p_by1_reg[24]/D
                                                              -5.008        
i_dsp/genblk4[4].iir/y1b_reg[16]/C
                               i_dsp/genblk4[4].iir/p_by1_reg[23]/D
                                                              -5.008        
i_dsp/genblk4[4].iir/y1b_reg[16]/C
                               i_dsp/genblk4[4].iir/p_by1_reg[29]/D
                                                              -4.992        
i_dsp/genblk4[4].iir/y1b_reg[16]/C
                               i_dsp/genblk4[4].iir/p_by1_reg[15]/D
                                                              -4.983        
i_dsp/genblk6[7].iq_2_outputs/iqfilter[1]/genblk2[0].lpf/y_reg[43]/C
                               i_dsp/genblk6[7].iq_2_outputs/modulator/secondproduct1/D[7]
                                                              -4.969        
i_dsp/genblk4[4].iir/y1b_reg[16]/C
                               i_dsp/genblk4[4].iir/p_by1_reg[26]/D
                                                              -4.945        
i_dsp/genblk6[7].iq_2_outputs/iqfilter[1]/genblk2[0].lpf/y_reg[43]/C
                               i_dsp/genblk6[7].iq_2_outputs/modulator/secondproduct1/D[8]
                                                              -4.926        
i_dsp/genblk4[4].iir/y1b_reg[16]/C
                               i_dsp/genblk4[4].iir/p_by1_reg[16]/D
                                                              -4.924        
i_dsp/genblk4[4].iir/y1b_reg[16]/C
                               i_dsp/genblk4[4].iir/p_by1_reg[27]/D
                                                              -4.911        
i_dsp/genblk4[4].iir/y1b_reg[16]/C
                               i_dsp/genblk4[4].iir/p_by1_reg[30]/D
                                                              -4.910        
i_dsp/genblk4[4].iir/y1b_reg[16]/C
                               i_dsp/genblk4[4].iir/p_by1_reg[9]/D
                                                              -4.900        
i_dsp/genblk4[4].iir/y1b_reg[16]/C
                               i_dsp/genblk4[4].iir/p_by1_reg[1]/D
                                                              -4.894        
i_dsp/genblk6[7].iq_2_outputs/iqfilter[1]/genblk2[0].lpf/y_reg[43]/C
                               i_dsp/genblk6[7].iq_2_outputs/modulator/secondproduct1/D[1]
                                                              -4.893        
i_dsp/genblk4[4].iir/y1b_reg[16]/C
                               i_dsp/genblk4[4].iir/p_by1_reg[8]/D
                                                              -4.884        
i_dsp/genblk4[4].iir/y1b_reg[16]/C
                               i_dsp/genblk4[4].iir/p_by1_reg[20]/D
                                                              -4.883        
i_dsp/genblk6[7].iq_2_outputs/iqfilter[1]/genblk2[0].lpf/y_reg[43]/C
                               i_dsp/genblk6[7].iq_2_outputs/modulator/secondproduct1/D[0]
                                                              -4.881        
i_dsp/genblk4[4].iir/y1b_reg[16]/C
                               i_dsp/genblk4[4].iir/p_by1_reg[28]/D
                                                              -4.881        
i_dsp/genblk6[7].iq_2_outputs/iqfilter[1]/genblk2[0].lpf/y_reg[43]/C
                               i_dsp/genblk6[7].iq_2_outputs/modulator/secondproduct1/D[2]
                                                              -4.876        
i_dsp/genblk4[4].iir/y1b_reg[16]/C
                               i_dsp/genblk4[4].iir/p_by1_reg[6]/D
                                                              -4.875        
i_dsp/genblk4[4].iir/y1b_reg[16]/C
                               i_dsp/genblk4[4].iir/p_by1_reg[19]/D
                                                              -4.863        
i_dsp/genblk4[4].iir/y1b_reg[16]/C
                               i_dsp/genblk4[4].iir/p_by1_reg[12]/D
                                                              -4.861        
i_dsp/genblk6[7].iq_2_outputs/iqfilter[1]/genblk2[0].lpf/y_reg[43]/C
                               i_dsp/genblk6[7].iq_2_outputs/modulator/secondproduct1/D[3]
                                                              -4.859        
i_dsp/genblk4[4].iir/y1b_reg[16]/C
                               i_dsp/genblk4[4].iir/p_by1_reg[13]/D
                                                              -4.855        
i_dsp/genblk6[7].iq_2_outputs/iqfilter[1]/genblk2[0].lpf/y_reg[43]/C
                               i_dsp/genblk6[7].iq_2_outputs/modulator/secondproduct1/D[4]
                                                              -4.844        
i_dsp/genblk6[7].iq_2_outputs/iqfilter[1]/genblk2[0].lpf/y_reg[43]/C
                               i_dsp/genblk6[7].iq_2_outputs/modulator/secondproduct1/D[5]
                                                              -4.838        
i_dsp/genblk6[7].iq_2_outputs/iqfilter[1]/genblk2[0].lpf/y_reg[43]/C
                               i_dsp/genblk6[7].iq_2_outputs/modulator/secondproduct1/D[11]
                                                              -4.833        
i_dsp/genblk6[7].iq_2_outputs/iqfilter[1]/genblk2[0].lpf/y_reg[43]/C
                               i_dsp/genblk6[7].iq_2_outputs/modulator/secondproduct1/D[10]
                                                              -4.833        
i_dsp/genblk4[4].iir/y1a_reg[3]/C
                               i_dsp/genblk4[4].iir/p_ay1_reg[8]/D
                                                              -4.823        
i_dsp/genblk4[4].iir/y1a_reg[3]/C
                               i_dsp/genblk4[4].iir/p_ay1_reg[5]/D
                                                              -4.820        
i_dsp/genblk4[4].iir/y1b_reg[16]/C
                               i_dsp/genblk4[4].iir/p_by1_reg[22]/D
                                                              -4.813        
i_dsp/genblk4[4].iir/y1b_reg[16]/C
                               i_dsp/genblk4[4].iir/p_by1_reg[11]/D
                                                              -4.790        
i_dsp/genblk4[4].iir/y1a_reg[1]/C
                               i_dsp/genblk4[4].iir/p_ay1_reg[11]/D
                                                              -4.787        
i_dsp/genblk4[4].iir/y1a_reg[1]/C
                               i_dsp/genblk4[4].iir/p_ay1_reg[4]/D
                                                              -4.784        
i_dsp/genblk4[4].iir/y1b_reg[16]/C
                               i_dsp/genblk4[4].iir/p_by1_reg[2]/D
                                                              -4.779        
i_dsp/genblk4[4].iir/y1b_reg[16]/C
                               i_dsp/genblk4[4].iir/p_by1_reg[21]/D
                                                              -4.777        
i_dsp/genblk4[4].iir/y1a_reg[1]/C
                               i_dsp/genblk4[4].iir/p_ay1_reg[16]/D
                                                              -4.774        
i_dsp/genblk4[4].iir/y1b_reg[16]/C
                               i_dsp/genblk4[4].iir/p_by1_reg[5]/D
                                                              -4.774        
i_dsp/genblk4[4].iir/y1a_reg[1]/C
                               i_dsp/genblk4[4].iir/p_ay1_reg[24]/D
                                                              -4.765        
i_dsp/genblk4[4].iir/y1b_reg[16]/C
                               i_dsp/genblk4[4].iir/p_by1_reg[4]/D
                                                              -4.757        
i_dsp/genblk4[4].iir/y1a_reg[1]/C
                               i_dsp/genblk4[4].iir/p_ay1_reg[23]/D
                                                              -4.756        
i_dsp/genblk4[4].iir/y1b_reg[16]/C
                               i_dsp/genblk4[4].iir/p_by1_reg[10]/D
                                                              -4.748        
i_dsp/genblk4[4].iir/y1b_reg[16]/C
                               i_dsp/genblk4[4].iir/p_by1_reg[18]/D
                                                              -4.722        
i_dsp/genblk4[4].iir/y1b_reg[16]/C
                               i_dsp/genblk4[4].iir/p_by1_reg[0]/D
                                                              -4.721        
i_dsp/genblk4[4].iir/y1b_reg[16]/C
                               i_dsp/genblk4[4].iir/p_by1_reg[17]/D
                                                              -4.719        
i_dsp/genblk4[4].iir/y1b_reg[16]/C
                               i_dsp/genblk4[4].iir/p_by1_reg[14]/D
                                                              -4.714        
i_dsp/genblk4[4].iir/y1a_reg[1]/C
                               i_dsp/genblk4[4].iir/p_ay1_reg[30]/D
                                                              -4.673        
i_dsp/genblk4[4].iir/y1a_reg[1]/C
                               i_dsp/genblk4[4].iir/p_ay1_reg[28]/D
                                                              -4.652        
i_dsp/genblk4[4].iir/y1a_reg[3]/C
                               i_dsp/genblk4[4].iir/p_ay1_reg[17]/D
                                                              -4.642        
i_dsp/genblk4[4].iir/y1a_reg[1]/C
                               i_dsp/genblk4[4].iir/p_ay1_reg[2]/D
                                                              -4.630        
i_dsp/genblk4[4].iir/y1a_reg[3]/C
                               i_dsp/genblk4[4].iir/p_ay1_reg[10]/D
                                                              -4.619        
i_dsp/genblk4[4].iir/y1a_reg[3]/C
                               i_dsp/genblk4[4].iir/p_ay1_reg[13]/D
                                                              -4.615        
i_dsp/genblk4[4].iir/y1a_reg[1]/C
                               i_dsp/genblk4[4].iir/p_ay1_reg[26]/D
                                                              -4.601        
i_dsp/genblk4[4].iir/y1a_reg[1]/C
                               i_dsp/genblk4[4].iir/p_ay1_reg[21]/D
                                                              -4.599        
i_dsp/genblk4[4].iir/y1a_reg[1]/C
                               i_dsp/genblk4[4].iir/p_ay1_reg[1]/D
                                                              -4.596        
i_dsp/genblk4[4].iir/y1a_reg[1]/C
                               i_dsp/genblk4[4].iir/p_ay1_reg[27]/D
                                                              -4.593        
i_dsp/genblk4[4].iir/b0_reg[11]/C
                               i_dsp/genblk4[4].iir/p_by0_reg[6]/D
                                                              -4.574        
i_dsp/genblk4[4].iir/y1a_reg[3]/C
                               i_dsp/genblk4[4].iir/p_ay1_reg[19]/D
                                                              -4.569        
i_dsp/genblk4[4].iir/y1a_reg[1]/C
                               i_dsp/genblk4[4].iir/p_ay1_reg[29]/D
                                                              -4.568        
i_dsp/genblk4[4].iir/y1a_reg[1]/C
                               i_dsp/genblk4[4].iir/p_ay1_reg[22]/D
                                                              -4.567        
i_dsp/genblk4[4].iir/y1a_reg[1]/C
                               i_dsp/genblk4[4].iir/p_ay1_reg[18]/D
                                                              -4.565        
i_dsp/genblk4[4].iir/y1a_reg[1]/C
                               i_dsp/genblk4[4].iir/p_ay1_reg[25]/D
                                                              -4.564        
i_dsp/genblk4[4].iir/y1a_reg[1]/C
                               i_dsp/genblk4[4].iir/p_ay1_reg[14]/D
                                                              -4.552        
i_dsp/genblk4[4].iir/y1a_reg[3]/C
                               i_dsp/genblk4[4].iir/p_ay1_reg[0]/D
                                                              -4.546        
i_dsp/genblk4[4].iir/b0_reg[11]/C
                               i_dsp/genblk4[4].iir/p_by0_reg[30]/D
                                                              -4.537        
i_dsp/genblk4[4].iir/y1a_reg[3]/C
                               i_dsp/genblk4[4].iir/p_ay1_reg[20]/D
                                                              -4.528        
i_dsp/genblk4[4].iir/b0_reg[11]/C
                               i_dsp/genblk4[4].iir/p_by0_reg[0]/D
                                                              -4.522        
i_dsp/genblk4[4].iir/b0_reg[11]/C
                               i_dsp/genblk4[4].iir/p_by0_reg[28]/D
                                                              -4.505        
i_dsp/genblk4[4].iir/y1a_reg[3]/C
                               i_dsp/genblk4[4].iir/p_ay1_reg[15]/D
                                                              -4.493        
i_dsp/genblk4[4].iir/b0_reg[11]/C
                               i_dsp/genblk4[4].iir/p_by0_reg[7]/D
                                                              -4.490        
i_dsp/genblk4[4].iir/b0_reg[11]/C
                               i_dsp/genblk4[4].iir/p_by0_reg[25]/D
                                                              -4.471        
i_dsp/genblk4[4].iir/b0_reg[11]/C
                               i_dsp/genblk4[4].iir/p_by0_reg[21]/D
                                                              -4.467        
i_dsp/genblk4[4].iir/y1a_reg[3]/C
                               i_dsp/genblk4[4].iir/p_ay1_reg[3]/D
                                                              -4.462        
i_dsp/genblk4[4].iir/y1a_reg[3]/C
                               i_dsp/genblk4[4].iir/p_ay1_reg[7]/D
                                                              -4.460        
i_dsp/genblk4[4].iir/b0_reg[11]/C
                               i_dsp/genblk4[4].iir/p_by0_reg[2]/D
                                                              -4.443        
i_dsp/genblk4[4].iir/b0_reg[11]/C
                               i_dsp/genblk4[4].iir/p_by0_reg[29]/D
                                                              -4.443        
i_dsp/genblk4[4].iir/y2a_reg[16]/C
                               i_dsp/genblk4[4].iir/p_ay2_reg[21]/D
                                                              -4.430        
i_dsp/genblk6[7].iq_2_outputs/iqfilter[1]/genblk2[0].lpf/y_reg[35]/C
                               i_dsp/genblk6[7].iq_2_outputs/modulator/q1_product_reg_reg[2]/D
                                                              -4.420        
i_dsp/genblk6[7].iq_2_outputs/iqfilter[1]/genblk2[0].lpf/y_reg[35]/C
                               i_dsp/genblk6[7].iq_2_outputs/modulator/q1_product_reg_reg[9]/D
                                                              -4.417        
i_dsp/genblk6[7].iq_2_outputs/iqfilter[1]/genblk2[0].lpf/y_reg[35]/C
                               i_dsp/genblk6[7].iq_2_outputs/modulator/q1_product_reg_reg[3]/D
                                                              -4.415        
i_dsp/genblk6[7].iq_2_outputs/iqfilter[1]/genblk2[0].lpf/y_reg[35]/C
                               i_dsp/genblk6[7].iq_2_outputs/modulator/q1_product_reg_reg[8]/D
                                                              -4.415        
i_dsp/genblk4[4].iir/y1a_reg[3]/C
                               i_dsp/genblk4[4].iir/p_ay1_reg[9]/D
                                                              -4.409        
i_dsp/genblk4[4].iir/b0_reg[11]/C
                               i_dsp/genblk4[4].iir/p_by0_reg[18]/D
                                                              -4.404        
i_dsp/genblk4[4].iir/b0_reg[11]/C
                               i_dsp/genblk4[4].iir/p_by0_reg[15]/D
                                                              -4.392        
i_dsp/genblk4[4].iir/y2a_reg[16]/C
                               i_dsp/genblk4[4].iir/p_ay2_reg[4]/D
                                                              -4.389        
i_dsp/genblk4[4].iir/y2a_reg[16]/C
                               i_dsp/genblk4[4].iir/p_ay2_reg[5]/D
                                                              -4.383        
i_dsp/genblk4[4].iir/y2a_reg[16]/C
                               i_dsp/genblk4[4].iir/p_ay2_reg[1]/D
                                                              -4.382        
i_dsp/genblk4[4].iir/y2a_reg[16]/C
                               i_dsp/genblk4[4].iir/p_ay2_reg[8]/D
                                                              -4.378        
i_dsp/genblk4[4].iir/b0_reg[11]/C
                               i_dsp/genblk4[4].iir/p_by0_reg[5]/D
                                                              -4.375        
i_dsp/genblk4[4].iir/y1a_reg[3]/C
                               i_dsp/genblk4[4].iir/p_ay1_reg[6]/D
                                                              -4.374        
i_dsp/genblk4[4].iir/b0_reg[11]/C
                               i_dsp/genblk4[4].iir/p_by0_reg[12]/D
                                                              -4.364        
i_ps/system_i/system_i/xadc/inst/AXI_LITE_IPIF_I/I_SLAVE_ATTACHMENT/INCLUDE_DPHASE_TIMER.dpto_cnt_reg[6]/C
                               i_ps/system_i/system_i/axi_protocol_converter_0/inst/gen_axilite.gen_b2s_conv.axilite_b2s/RD.ar_channel_0/cmd_translator_0/incr_cmd_0/axaddr_incr_reg[11]/D
                                                              -1.996        
i_ps/system_i/system_i/xadc/inst/AXI_LITE_IPIF_I/I_SLAVE_ATTACHMENT/INCLUDE_DPHASE_TIMER.dpto_cnt_reg[6]/C
                               i_ps/system_i/system_i/axi_protocol_converter_0/inst/gen_axilite.gen_b2s_conv.axilite_b2s/WR.aw_channel_0/cmd_translator_0/incr_cmd_0/axaddr_incr_reg[11]/D
                                                              -1.947        
i_ps/system_i/system_i/axi_protocol_converter_0/inst/gen_axilite.gen_b2s_conv.axilite_b2s/WR.aw_channel_0/aw_cmd_fsm_0/state_reg[0]/C
                               i_ps/system_i/system_i/axi_protocol_converter_0/inst/gen_axilite.gen_b2s_conv.axilite_b2s/WR.aw_channel_0/cmd_translator_0/wrap_cmd_0/wrap_second_len_r_reg[0]/D
                                                              -1.748        
i_ps/system_i/system_i/axi_protocol_converter_0/inst/gen_axilite.gen_b2s_conv.axilite_b2s/WR.b_channel_0/bresp_fifo_0/cnt_read_reg[0]/C
                               i_ps/system_i/system_i/xadc/inst/INTR_CTRLR_GEN_I.ip2bus_data_int_reg[20]/CE
                                                              -1.659        
i_ps/system_i/system_i/axi_protocol_converter_0/inst/gen_axilite.gen_b2s_conv.axilite_b2s/WR.b_channel_0/bresp_fifo_0/cnt_read_reg[0]/C
                               i_ps/system_i/system_i/xadc/inst/INTR_CTRLR_GEN_I.ip2bus_data_int_reg[25]/CE
                                                              -1.659        
i_ps/system_i/system_i/axi_protocol_converter_0/inst/gen_axilite.gen_b2s_conv.axilite_b2s/WR.b_channel_0/bresp_fifo_0/cnt_read_reg[0]/C
                               i_ps/system_i/system_i/xadc/inst/INTR_CTRLR_GEN_I.ip2bus_data_int_reg[24]/CE
                                                              -1.588        
i_ps/system_i/system_i/axi_protocol_converter_0/inst/gen_axilite.gen_b2s_conv.axilite_b2s/WR.b_channel_0/bresp_fifo_0/cnt_read_reg[0]/C
                               i_ps/system_i/system_i/xadc/inst/INTR_CTRLR_GEN_I.ip2bus_data_int_reg[26]/CE
                                                              -1.588        
i_ps/system_i/system_i/axi_protocol_converter_0/inst/gen_axilite.gen_b2s_conv.axilite_b2s/WR.b_channel_0/bresp_fifo_0/cnt_read_reg[0]/C
                               i_ps/system_i/system_i/xadc/inst/INTR_CTRLR_GEN_I.ip2bus_data_int_reg[0]/CE
                                                              -1.467        
i_ps/system_i/system_i/axi_protocol_converter_0/inst/gen_axilite.gen_b2s_conv.axilite_b2s/WR.b_channel_0/bresp_fifo_0/cnt_read_reg[0]/C
                               i_ps/system_i/system_i/xadc/inst/INTR_CTRLR_GEN_I.ip2bus_data_int_reg[22]/CE
                                                              -1.467        
i_ps/system_i/system_i/axi_protocol_converter_0/inst/gen_axilite.gen_b2s_conv.axilite_b2s/WR.b_channel_0/bresp_fifo_0/cnt_read_reg[0]/C
                               i_ps/system_i/system_i/xadc/inst/INTR_CTRLR_GEN_I.ip2bus_data_int_reg[29]/CE
                                                              -1.467        
i_ps/system_i/system_i/processing_system7/inst/PS7_i/MAXIGP1ACLK
                               i_ps/system_i/system_i/xadc/inst/INTR_CTRLR_GEN_I.INTERRUPT_CONTROL_I/GEN_IP_IRPT_STATUS_REG[10].GEN_REG_STATUS.ip_irpt_status_reg_reg[10]/D
                                                              -1.449        
i_ps/system_i/system_i/axi_protocol_converter_0/inst/gen_axilite.gen_b2s_conv.axilite_b2s/WR.b_channel_0/bresp_fifo_0/cnt_read_reg[0]/C
                               i_ps/system_i/system_i/xadc/inst/INTR_CTRLR_GEN_I.ip2bus_data_int_reg[14]/CE
                                                              -1.332        
i_ps/system_i/system_i/axi_protocol_converter_0/inst/gen_axilite.gen_b2s_conv.axilite_b2s/WR.b_channel_0/bresp_fifo_0/cnt_read_reg[0]/C
                               i_ps/system_i/system_i/xadc/inst/INTR_CTRLR_GEN_I.ip2bus_data_int_reg[15]/CE
                                                              -1.332        
i_ps/system_i/system_i/axi_protocol_converter_0/inst/gen_axilite.gen_b2s_conv.axilite_b2s/WR.b_channel_0/bresp_fifo_0/cnt_read_reg[0]/C
                               i_ps/system_i/system_i/xadc/inst/INTR_CTRLR_GEN_I.ip2bus_data_int_reg[17]/CE
                                                              -1.332        
i_ps/system_i/system_i/axi_protocol_converter_0/inst/gen_axilite.gen_b2s_conv.axilite_b2s/WR.b_channel_0/bresp_fifo_0/cnt_read_reg[0]/C
                               i_ps/system_i/system_i/xadc/inst/INTR_CTRLR_GEN_I.ip2bus_data_int_reg[18]/CE
                                                              -1.332        
i_ps/system_i/system_i/axi_protocol_converter_0/inst/gen_axilite.gen_b2s_conv.axilite_b2s/WR.b_channel_0/bresp_fifo_0/cnt_read_reg[0]/C
                               i_ps/system_i/system_i/xadc/inst/INTR_CTRLR_GEN_I.ip2bus_data_int_reg[28]/CE
                                                              -1.332        
i_ps/system_i/system_i/xadc/inst/AXI_LITE_IPIF_I/I_SLAVE_ATTACHMENT/INCLUDE_DPHASE_TIMER.dpto_cnt_reg[6]/C
                               i_ps/system_i/system_i/axi_protocol_converter_0/inst/gen_axilite.gen_b2s_conv.axilite_b2s/RD.ar_channel_0/cmd_translator_0/incr_cmd_0/axlen_cnt_reg[4]/CE
                                                              -1.322        
i_ps/system_i/system_i/xadc/inst/AXI_LITE_IPIF_I/I_SLAVE_ATTACHMENT/INCLUDE_DPHASE_TIMER.dpto_cnt_reg[6]/C
                               i_ps/system_i/system_i/axi_protocol_converter_0/inst/gen_axilite.gen_b2s_conv.axilite_b2s/RD.ar_channel_0/cmd_translator_0/incr_cmd_0/axlen_cnt_reg[5]/CE
                                                              -1.322        
i_ps/system_i/system_i/xadc/inst/AXI_LITE_IPIF_I/I_SLAVE_ATTACHMENT/INCLUDE_DPHASE_TIMER.dpto_cnt_reg[6]/C
                               i_ps/system_i/system_i/axi_protocol_converter_0/inst/gen_axilite.gen_b2s_conv.axilite_b2s/RD.ar_channel_0/cmd_translator_0/incr_cmd_0/axlen_cnt_reg[7]/CE
                                                              -1.322        
i_ps/system_i/system_i/processing_system7/inst/PS7_i/MAXIGP1ACLK
                               i_ps/system_i/system_i/xadc/inst/INTR_CTRLR_GEN_I.INTERRUPT_CONTROL_I/ip_irpt_enable_reg_reg[14]/CE
                                                              -1.319        
i_ps/system_i/system_i/processing_system7/inst/PS7_i/MAXIGP1ACLK
                               i_ps/system_i/system_i/xadc/inst/INTR_CTRLR_GEN_I.INTERRUPT_CONTROL_I/ip_irpt_enable_reg_reg[1]/CE
                                                              -1.319        
i_ps/system_i/system_i/processing_system7/inst/PS7_i/MAXIGP1ACLK
                               i_ps/system_i/system_i/xadc/inst/INTR_CTRLR_GEN_I.INTERRUPT_CONTROL_I/ip_irpt_enable_reg_reg[4]/CE
                                                              -1.319        
i_ps/system_i/system_i/xadc/inst/AXI_LITE_IPIF_I/I_SLAVE_ATTACHMENT/INCLUDE_DPHASE_TIMER.dpto_cnt_reg[6]/C
                               i_ps/system_i/system_i/axi_protocol_converter_0/inst/gen_axilite.gen_b2s_conv.axilite_b2s/WR.aw_channel_0/cmd_translator_0/incr_cmd_0/axaddr_incr_reg[9]/D
                                                              -1.309        
i_ps/system_i/system_i/axi_protocol_converter_0/inst/gen_axilite.gen_b2s_conv.axilite_b2s/WR.b_channel_0/bresp_fifo_0/cnt_read_reg[0]/C
                               i_ps/system_i/system_i/xadc/inst/INTR_CTRLR_GEN_I.ip2bus_data_int_reg[21]/CE
                                                              -1.297        
i_ps/system_i/system_i/axi_protocol_converter_0/inst/gen_axilite.gen_b2s_conv.axilite_b2s/WR.b_channel_0/bresp_fifo_0/cnt_read_reg[0]/C
                               i_ps/system_i/system_i/xadc/inst/INTR_CTRLR_GEN_I.ip2bus_data_int_reg[23]/CE
                                                              -1.297        
i_ps/system_i/system_i/axi_protocol_converter_0/inst/gen_axilite.gen_b2s_conv.axilite_b2s/WR.b_channel_0/bresp_fifo_0/cnt_read_reg[0]/C
                               i_ps/system_i/system_i/xadc/inst/INTR_CTRLR_GEN_I.ip2bus_data_int_reg[27]/CE
                                                              -1.297        
i_ps/system_i/system_i/axi_protocol_converter_0/inst/gen_axilite.gen_b2s_conv.axilite_b2s/WR.b_channel_0/bresp_fifo_0/cnt_read_reg[0]/C
                               i_ps/system_i/system_i/xadc/inst/INTR_CTRLR_GEN_I.ip2bus_data_int_reg[30]/CE
                                                              -1.297        
i_ps/system_i/system_i/axi_protocol_converter_0/inst/gen_axilite.gen_b2s_conv.axilite_b2s/RD.r_channel_0/rd_data_fifo_0/cnt_read_reg[1]_rep__2/C
                               i_ps/system_i/system_i/axi_protocol_converter_0/inst/gen_axilite.gen_b2s_conv.axilite_b2s/RD.ar_channel_0/cmd_translator_0/wrap_cmd_0/wrap_cnt_r_reg[0]/CE
                                                              -1.286        
i_ps/system_i/system_i/axi_protocol_converter_0/inst/gen_axilite.gen_b2s_conv.axilite_b2s/RD.r_channel_0/rd_data_fifo_0/cnt_read_reg[1]_rep__2/C
                               i_ps/system_i/system_i/axi_protocol_converter_0/inst/gen_axilite.gen_b2s_conv.axilite_b2s/RD.ar_channel_0/cmd_translator_0/wrap_cmd_0/wrap_cnt_r_reg[1]/CE
                                                              -1.286        
i_ps/system_i/system_i/axi_protocol_converter_0/inst/gen_axilite.gen_b2s_conv.axilite_b2s/RD.ar_channel_0/ar_cmd_fsm_0/state_reg[0]/C
                               i_ps/system_i/system_i/axi_protocol_converter_0/inst/gen_axilite.gen_b2s_conv.axilite_b2s/RD.ar_channel_0/cmd_translator_0/wrap_cmd_0/wrap_second_len_r_reg[0]/D
                                                              -1.277        
i_ps/system_i/system_i/processing_system7/inst/PS7_i/MAXIGP1ACLK
                               i_ps/system_i/system_i/xadc/inst/INTR_CTRLR_GEN_I.ip2bus_wrack_reg/D
                                                              -1.275        
i_ps/system_i/system_i/processing_system7/inst/PS7_i/MAXIGP1ACLK
                               i_ps/system_i/system_i/xadc/inst/INTR_CTRLR_GEN_I.INTERRUPT_CONTROL_I/ip_irpt_enable_reg_reg[0]/CE
                                                              -1.269        
i_ps/system_i/system_i/processing_system7/inst/PS7_i/MAXIGP1ACLK
                               i_ps/system_i/system_i/xadc/inst/INTR_CTRLR_GEN_I.INTERRUPT_CONTROL_I/ip_irpt_enable_reg_reg[11]/CE
                                                              -1.269        
i_ps/system_i/system_i/processing_system7/inst/PS7_i/MAXIGP1ACLK
                               i_ps/system_i/system_i/xadc/inst/INTR_CTRLR_GEN_I.INTERRUPT_CONTROL_I/ip_irpt_enable_reg_reg[12]/CE
                                                              -1.269        
i_ps/system_i/system_i/processing_system7/inst/PS7_i/MAXIGP1ACLK
                               i_ps/system_i/system_i/xadc/inst/INTR_CTRLR_GEN_I.INTERRUPT_CONTROL_I/ip_irpt_enable_reg_reg[16]/CE
                                                              -1.269        
i_ps/system_i/system_i/xadc/inst/AXI_LITE_IPIF_I/I_SLAVE_ATTACHMENT/INCLUDE_DPHASE_TIMER.dpto_cnt_reg[6]/C
                               i_ps/system_i/system_i/axi_protocol_converter_0/inst/gen_axilite.gen_b2s_conv.axilite_b2s/WR.aw_channel_0/cmd_translator_0/incr_cmd_0/axaddr_incr_reg[10]/D
                                                              -1.214        
i_ps/system_i/system_i/axi_protocol_converter_0/inst/gen_axilite.gen_b2s_conv.axilite_b2s/SI_REG/aw_pipe/m_payload_i_reg[6]/C
                               i_ps/system_i/system_i/xadc/inst/AXI_LITE_IPIF_I/I_SLAVE_ATTACHMENT/I_DECODER/GEN_BKEND_CE_REGISTERS[21].ce_out_i_reg[21]/D
                                                              -1.198        
i_ps/system_i/system_i/xadc/inst/AXI_LITE_IPIF_I/I_SLAVE_ATTACHMENT/INCLUDE_DPHASE_TIMER.dpto_cnt_reg[6]/C
                               i_ps/system_i/system_i/axi_protocol_converter_0/inst/gen_axilite.gen_b2s_conv.axilite_b2s/WR.aw_channel_0/cmd_translator_0/incr_cmd_0/axaddr_incr_reg[8]/D
                                                              -1.198        
i_ps/system_i/system_i/xadc/inst/AXI_LITE_IPIF_I/I_SLAVE_ATTACHMENT/INCLUDE_DPHASE_TIMER.dpto_cnt_reg[6]/C
                               i_ps/system_i/system_i/axi_protocol_converter_0/inst/gen_axilite.gen_b2s_conv.axilite_b2s/RD.ar_channel_0/cmd_translator_0/incr_cmd_0/axaddr_incr_reg[2]/D
                                                              -1.193        
i_ps/system_i/system_i/processing_system7/inst/PS7_i/MAXIGP1ACLK
                               i_ps/system_i/system_i/xadc/inst/INTR_CTRLR_GEN_I.INTERRUPT_CONTROL_I/ip_irpt_enable_reg_reg[15]/CE
                                                              -1.173        
i_ps/system_i/system_i/processing_system7/inst/PS7_i/MAXIGP1ACLK
                               i_ps/system_i/system_i/xadc/inst/INTR_CTRLR_GEN_I.INTERRUPT_CONTROL_I/ip_irpt_enable_reg_reg[8]/CE
                                                              -1.173        
i_ps/system_i/system_i/processing_system7/inst/PS7_i/MAXIGP1ACLK
                               i_ps/system_i/system_i/xadc/inst/INTR_CTRLR_GEN_I.INTERRUPT_CONTROL_I/ip_irpt_enable_reg_reg[9]/CE
                                                              -1.173        
i_ps/system_i/system_i/xadc/inst/AXI_LITE_IPIF_I/I_SLAVE_ATTACHMENT/INCLUDE_DPHASE_TIMER.dpto_cnt_reg[6]/C
                               i_ps/system_i/system_i/axi_protocol_converter_0/inst/gen_axilite.gen_b2s_conv.axilite_b2s/WR.aw_channel_0/cmd_translator_0/incr_cmd_0/axaddr_incr_reg[5]/D
                                                              -1.163        
i_ps/system_i/system_i/axi_protocol_converter_0/inst/gen_axilite.gen_b2s_conv.axilite_b2s/WR.b_channel_0/bresp_fifo_0/cnt_read_reg[0]/C
                               i_ps/system_i/system_i/xadc/inst/INTR_CTRLR_GEN_I.ip2bus_data_int_reg[16]/CE
                                                              -1.146        
i_ps/system_i/system_i/axi_protocol_converter_0/inst/gen_axilite.gen_b2s_conv.axilite_b2s/WR.b_channel_0/bresp_fifo_0/cnt_read_reg[0]/C
                               i_ps/system_i/system_i/xadc/inst/INTR_CTRLR_GEN_I.ip2bus_data_int_reg[19]/CE
                                                              -1.146        
i_ps/system_i/system_i/axi_protocol_converter_0/inst/gen_axilite.gen_b2s_conv.axilite_b2s/WR.b_channel_0/bresp_fifo_0/cnt_read_reg[0]/C
                               i_ps/system_i/system_i/xadc/inst/INTR_CTRLR_GEN_I.ip2bus_data_int_reg[31]/CE
                                                              -1.146        
i_ps/system_i/system_i/xadc/inst/AXI_LITE_IPIF_I/I_SLAVE_ATTACHMENT/INCLUDE_DPHASE_TIMER.dpto_cnt_reg[6]/C
                               i_ps/system_i/system_i/axi_protocol_converter_0/inst/gen_axilite.gen_b2s_conv.axilite_b2s/WR.aw_channel_0/cmd_translator_0/incr_cmd_0/axaddr_incr_reg[7]/D
                                                              -1.142        
i_ps/system_i/system_i/axi_protocol_converter_0/inst/gen_axilite.gen_b2s_conv.axilite_b2s/SI_REG/ar_pipe/m_payload_i_reg[3]/C
                               i_ps/system_i/system_i/xadc/inst/AXI_XADC_CORE_I/XADC_INST/DADDR[1]
                                                              -1.129        
i_ps/system_i/system_i/xadc/inst/AXI_LITE_IPIF_I/I_SLAVE_ATTACHMENT/INCLUDE_DPHASE_TIMER.dpto_cnt_reg[6]/C
                               i_ps/system_i/system_i/axi_protocol_converter_0/inst/gen_axilite.gen_b2s_conv.axilite_b2s/RD.ar_channel_0/cmd_translator_0/incr_cmd_0/axaddr_incr_reg[3]/D
                                                              -1.128        
i_ps/system_i/system_i/xadc/inst/AXI_LITE_IPIF_I/I_SLAVE_ATTACHMENT/INCLUDE_DPHASE_TIMER.dpto_cnt_reg[6]/C
                               i_ps/system_i/system_i/axi_protocol_converter_0/inst/gen_axilite.gen_b2s_conv.axilite_b2s/RD.ar_channel_0/cmd_translator_0/incr_cmd_0/axlen_cnt_reg[0]/CE
                                                              -1.127        
i_ps/system_i/system_i/xadc/inst/AXI_LITE_IPIF_I/I_SLAVE_ATTACHMENT/INCLUDE_DPHASE_TIMER.dpto_cnt_reg[6]/C
                               i_ps/system_i/system_i/axi_protocol_converter_0/inst/gen_axilite.gen_b2s_conv.axilite_b2s/RD.ar_channel_0/cmd_translator_0/incr_cmd_0/axlen_cnt_reg[1]/CE
                                                              -1.127        
i_ps/system_i/system_i/xadc/inst/AXI_LITE_IPIF_I/I_SLAVE_ATTACHMENT/INCLUDE_DPHASE_TIMER.dpto_cnt_reg[6]/C
                               i_ps/system_i/system_i/axi_protocol_converter_0/inst/gen_axilite.gen_b2s_conv.axilite_b2s/RD.ar_channel_0/cmd_translator_0/incr_cmd_0/axlen_cnt_reg[2]/CE
                                                              -1.127        
i_ps/system_i/system_i/xadc/inst/AXI_LITE_IPIF_I/I_SLAVE_ATTACHMENT/INCLUDE_DPHASE_TIMER.dpto_cnt_reg[6]/C
                               i_ps/system_i/system_i/axi_protocol_converter_0/inst/gen_axilite.gen_b2s_conv.axilite_b2s/RD.ar_channel_0/cmd_translator_0/incr_cmd_0/axlen_cnt_reg[3]/CE
                                                              -1.127        
i_ps/system_i/system_i/xadc/inst/AXI_LITE_IPIF_I/I_SLAVE_ATTACHMENT/INCLUDE_DPHASE_TIMER.dpto_cnt_reg[6]/C
                               i_ps/system_i/system_i/axi_protocol_converter_0/inst/gen_axilite.gen_b2s_conv.axilite_b2s/RD.ar_channel_0/cmd_translator_0/incr_cmd_0/axlen_cnt_reg[6]/CE
                                                              -1.127        
i_ps/system_i/system_i/processing_system7/inst/PS7_i/MAXIGP1ACLK
                               i_ps/system_i/system_i/xadc/inst/SOFT_RESET_I/reset_trig_reg/D
                                                              -1.126        
i_ps/system_i/system_i/axi_protocol_converter_0/inst/gen_axilite.gen_b2s_conv.axilite_b2s/RD.r_channel_0/rd_data_fifo_0/cnt_read_reg[1]_rep__2/C
                               i_ps/system_i/system_i/axi_protocol_converter_0/inst/gen_axilite.gen_b2s_conv.axilite_b2s/RD.ar_channel_0/cmd_translator_0/s_axburst_eq0_reg/CE
                                                              -1.117        
i_ps/system_i/system_i/axi_protocol_converter_0/inst/gen_axilite.gen_b2s_conv.axilite_b2s/RD.r_channel_0/rd_data_fifo_0/cnt_read_reg[1]_rep__2/C
                               i_ps/system_i/system_i/axi_protocol_converter_0/inst/gen_axilite.gen_b2s_conv.axilite_b2s/RD.ar_channel_0/cmd_translator_0/s_axburst_eq1_reg/CE
                                                              -1.117        
i_ps/system_i/system_i/axi_protocol_converter_0/inst/gen_axilite.gen_b2s_conv.axilite_b2s/RD.r_channel_0/rd_data_fifo_0/cnt_read_reg[1]_rep__2/C
                               i_ps/system_i/system_i/axi_protocol_converter_0/inst/gen_axilite.gen_b2s_conv.axilite_b2s/RD.ar_channel_0/cmd_translator_0/wrap_cmd_0/wrap_cnt_r_reg[2]/CE
                                                              -1.117        
i_ps/system_i/system_i/axi_protocol_converter_0/inst/gen_axilite.gen_b2s_conv.axilite_b2s/RD.r_channel_0/rd_data_fifo_0/cnt_read_reg[1]_rep__2/C
                               i_ps/system_i/system_i/axi_protocol_converter_0/inst/gen_axilite.gen_b2s_conv.axilite_b2s/RD.ar_channel_0/cmd_translator_0/wrap_cmd_0/wrap_cnt_r_reg[3]/CE
                                                              -1.117        
i_ps/system_i/system_i/axi_protocol_converter_0/inst/gen_axilite.gen_b2s_conv.axilite_b2s/SI_REG/aw_pipe/m_payload_i_reg[6]/C
                               i_ps/system_i/system_i/xadc/inst/AXI_XADC_CORE_I/XADC_INST/DADDR[4]
                                                              -1.116        
i_ps/system_i/system_i/axi_protocol_converter_0/inst/gen_axilite.gen_b2s_conv.axilite_b2s/SI_REG/aw_pipe/m_payload_i_reg[6]/C
                               i_ps/system_i/system_i/xadc/inst/AXI_LITE_IPIF_I/I_SLAVE_ATTACHMENT/I_DECODER/GEN_BKEND_CE_REGISTERS[14].ce_out_i_reg[14]/D
                                                              -1.103        
i_ps/system_i/system_i/axi_protocol_converter_0/inst/gen_axilite.gen_b2s_conv.axilite_b2s/SI_REG/aw_pipe/m_payload_i_reg[6]/C
                               i_ps/system_i/system_i/xadc/inst/AXI_LITE_IPIF_I/I_SLAVE_ATTACHMENT/I_DECODER/GEN_BKEND_CE_REGISTERS[10].ce_out_i_reg[10]/D
                                                              -1.099        
i_ps/system_i/system_i/axi_protocol_converter_0/inst/gen_axilite.gen_b2s_conv.axilite_b2s/SI_REG/aw_pipe/m_payload_i_reg[6]/C
                               i_ps/system_i/system_i/xadc/inst/AXI_LITE_IPIF_I/I_SLAVE_ATTACHMENT/I_DECODER/GEN_BKEND_CE_REGISTERS[23].ce_out_i_reg[23]/D
                                                              -1.093        
i_ps/system_i/system_i/xadc/inst/AXI_LITE_IPIF_I/I_SLAVE_ATTACHMENT/INCLUDE_DPHASE_TIMER.dpto_cnt_reg[6]/C
                               i_ps/system_i/system_i/axi_protocol_converter_0/inst/gen_axilite.gen_b2s_conv.axilite_b2s/RD.ar_channel_0/cmd_translator_0/incr_cmd_0/axaddr_incr_reg[4]/CE
                                                              -1.092        
i_ps/system_i/system_i/xadc/inst/AXI_LITE_IPIF_I/I_SLAVE_ATTACHMENT/INCLUDE_DPHASE_TIMER.dpto_cnt_reg[6]/C
                               i_ps/system_i/system_i/axi_protocol_converter_0/inst/gen_axilite.gen_b2s_conv.axilite_b2s/RD.ar_channel_0/cmd_translator_0/incr_cmd_0/axaddr_incr_reg[5]/CE
                                                              -1.092        
i_ps/system_i/system_i/xadc/inst/AXI_LITE_IPIF_I/I_SLAVE_ATTACHMENT/INCLUDE_DPHASE_TIMER.dpto_cnt_reg[6]/C
                               i_ps/system_i/system_i/axi_protocol_converter_0/inst/gen_axilite.gen_b2s_conv.axilite_b2s/RD.ar_channel_0/cmd_translator_0/incr_cmd_0/axaddr_incr_reg[6]/CE
                                                              -1.092        
i_ps/system_i/system_i/xadc/inst/AXI_LITE_IPIF_I/I_SLAVE_ATTACHMENT/INCLUDE_DPHASE_TIMER.dpto_cnt_reg[6]/C
                               i_ps/system_i/system_i/axi_protocol_converter_0/inst/gen_axilite.gen_b2s_conv.axilite_b2s/RD.ar_channel_0/cmd_translator_0/incr_cmd_0/axaddr_incr_reg[7]/CE
                                                              -1.092        
i_ps/system_i/system_i/axi_protocol_converter_0/inst/gen_axilite.gen_b2s_conv.axilite_b2s/SI_REG/aw_pipe/m_payload_i_reg[6]/C
                               i_ps/system_i/system_i/xadc/inst/AXI_LITE_IPIF_I/I_SLAVE_ATTACHMENT/I_DECODER/GEN_BKEND_CE_REGISTERS[16].ce_out_i_reg[16]/D
                                                              -1.083        
i_ps/system_i/system_i/axi_protocol_converter_0/inst/gen_axilite.gen_b2s_conv.axilite_b2s/SI_REG/aw_pipe/m_payload_i_reg[6]/C
                               i_ps/system_i/system_i/xadc/inst/AXI_LITE_IPIF_I/I_SLAVE_ATTACHMENT/I_DECODER/GEN_BKEND_CE_REGISTERS[15].ce_out_i_reg[15]/D
                                                              -1.079        
i_ps/system_i/system_i/xadc/inst/AXI_LITE_IPIF_I/I_SLAVE_ATTACHMENT/INCLUDE_DPHASE_TIMER.dpto_cnt_reg[6]/C
                               i_ps/system_i/system_i/axi_protocol_converter_0/inst/gen_axilite.gen_b2s_conv.axilite_b2s/WR.aw_channel_0/cmd_translator_0/incr_cmd_0/axaddr_incr_reg[6]/D
                                                              -1.068        
i_ps/system_i/system_i/processing_system7/inst/PS7_i/MAXIGP1ACLK
                               i_ps/system_i/system_i/xadc/inst/INTR_CTRLR_GEN_I.INTERRUPT_CONTROL_I/GEN_IP_IRPT_STATUS_REG[14].GEN_REG_STATUS.ip_irpt_status_reg_reg[14]/D
                                                              -1.057        
i_ps/system_i/system_i/xadc/inst/AXI_LITE_IPIF_I/I_SLAVE_ATTACHMENT/INCLUDE_DPHASE_TIMER.dpto_cnt_reg[6]/C
                               i_ps/system_i/system_i/axi_protocol_converter_0/inst/gen_axilite.gen_b2s_conv.axilite_b2s/WR.aw_channel_0/cmd_translator_0/incr_cmd_0/axaddr_incr_reg[4]/D
                                                              -1.052        
i_ps/system_i/system_i/axi_protocol_converter_0/inst/gen_axilite.gen_b2s_conv.axilite_b2s/SI_REG/aw_pipe/m_payload_i_reg[6]/C
                               i_ps/system_i/system_i/xadc/inst/AXI_LITE_IPIF_I/I_SLAVE_ATTACHMENT/I_DECODER/GEN_BKEND_CE_REGISTERS[9].ce_out_i_reg[9]/D
                                                              -1.048        
i_ps/system_i/system_i/axi_protocol_converter_0/inst/gen_axilite.gen_b2s_conv.axilite_b2s/WR.aw_channel_0/cmd_translator_0/wrap_cmd_0/axaddr_wrap_reg[4]/C
                               i_ps/system_i/system_i/xadc/inst/AXI_XADC_CORE_I/XADC_INST/DADDR[2]
                                                              -1.031        
i_ps/system_i/system_i/axi_protocol_converter_0/inst/gen_axilite.gen_b2s_conv.axilite_b2s/RD.ar_channel_0/ar_cmd_fsm_0/state_reg[0]/C
                               i_ps/system_i/system_i/axi_protocol_converter_0/inst/gen_axilite.gen_b2s_conv.axilite_b2s/RD.ar_channel_0/cmd_translator_0/wrap_cmd_0/wrap_second_len_r_reg[3]/D
                                                              -1.030        
i_ps/system_i/system_i/axi_protocol_converter_0/inst/gen_axilite.gen_b2s_conv.axilite_b2s/SI_REG/aw_pipe/m_payload_i_reg[6]/C
                               i_ps/system_i/system_i/xadc/inst/AXI_LITE_IPIF_I/I_SLAVE_ATTACHMENT/I_DECODER/GEN_BKEND_CE_REGISTERS[8].ce_out_i_reg[8]/D
                                                              -1.030        
i_ps/system_i/system_i/axi_protocol_converter_0/inst/gen_axilite.gen_b2s_conv.axilite_b2s/RD.ar_channel_0/cmd_translator_0/incr_cmd_0/sel_first_reg/C
                               i_ps/system_i/system_i/xadc/inst/AXI_XADC_CORE_I/XADC_INST/DADDR[5]
                                                              -1.020        
i_ps/system_i/system_i/xadc/inst/AXI_LITE_IPIF_I/I_SLAVE_ATTACHMENT/INCLUDE_DPHASE_TIMER.dpto_cnt_reg[6]/C
                               i_ps/system_i/system_i/axi_protocol_converter_0/inst/gen_axilite.gen_b2s_conv.axilite_b2s/RD.ar_channel_0/cmd_translator_0/incr_cmd_0/axaddr_incr_reg[10]/D
                                                              -1.011        
i_ps/system_i/system_i/processing_system7/inst/PS7_i/MAXIGP1ACLK
                               i_ps/system_i/system_i/xadc/inst/INTR_CTRLR_GEN_I.INTERRUPT_CONTROL_I/ip_irpt_enable_reg_reg[13]/CE
                                                              -1.008        
i_ps/system_i/system_i/processing_system7/inst/PS7_i/MAXIGP1ACLK
                               i_ps/system_i/system_i/xadc/inst/INTR_CTRLR_GEN_I.INTERRUPT_CONTROL_I/ip_irpt_enable_reg_reg[5]/CE
                                                              -1.008        
i_ps/system_i/system_i/axi_protocol_converter_0/inst/gen_axilite.gen_b2s_conv.axilite_b2s/RD.r_channel_0/rd_data_fifo_0/cnt_read_reg[1]_rep__2/C
                               i_ps/system_i/system_i/axi_protocol_converter_0/inst/gen_axilite.gen_b2s_conv.axilite_b2s/RD.ar_channel_0/s_arid_r_reg[0]/CE
                                                              -0.987        
i_ps/system_i/system_i/axi_protocol_converter_0/inst/gen_axilite.gen_b2s_conv.axilite_b2s/RD.r_channel_0/rd_data_fifo_0/cnt_read_reg[1]_rep__2/C
                               i_ps/system_i/system_i/axi_protocol_converter_0/inst/gen_axilite.gen_b2s_conv.axilite_b2s/RD.ar_channel_0/s_arid_r_reg[11]/CE
                                                              -0.987        
i_ps/system_i/system_i/axi_protocol_converter_0/inst/gen_axilite.gen_b2s_conv.axilite_b2s/RD.r_channel_0/rd_data_fifo_0/cnt_read_reg[1]_rep__2/C
                               i_ps/system_i/system_i/axi_protocol_converter_0/inst/gen_axilite.gen_b2s_conv.axilite_b2s/RD.ar_channel_0/s_arid_r_reg[2]/CE
                                                              -0.987        
i_ps/system_i/system_i/axi_protocol_converter_0/inst/gen_axilite.gen_b2s_conv.axilite_b2s/RD.r_channel_0/rd_data_fifo_0/cnt_read_reg[1]_rep__2/C
                               i_ps/system_i/system_i/axi_protocol_converter_0/inst/gen_axilite.gen_b2s_conv.axilite_b2s/RD.ar_channel_0/s_arid_r_reg[5]/CE
                                                              -0.987        
i_ps/system_i/system_i/axi_protocol_converter_0/inst/gen_axilite.gen_b2s_conv.axilite_b2s/SI_REG/aw_pipe/m_payload_i_reg[6]/C
                               i_ps/system_i/system_i/xadc/inst/AXI_LITE_IPIF_I/I_SLAVE_ATTACHMENT/I_DECODER/GEN_BKEND_CE_REGISTERS[19].ce_out_i_reg[19]/D
                                                              -0.977        
i_ps/system_i/system_i/axi_protocol_converter_0/inst/gen_axilite.gen_b2s_conv.axilite_b2s/RD.r_channel_0/rd_data_fifo_0/cnt_read_reg[1]_rep__2/C
                               i_ps/system_i/system_i/axi_protocol_converter_0/inst/gen_axilite.gen_b2s_conv.axilite_b2s/RD.r_channel_0/rd_data_fifo_0/cnt_read_reg[4]_rep/D
                                                              -0.969        
i_ps/system_i/system_i/axi_protocol_converter_0/inst/gen_axilite.gen_b2s_conv.axilite_b2s/RD.r_channel_0/rd_data_fifo_0/cnt_read_reg[1]_rep__2/C
                               i_ps/system_i/system_i/axi_protocol_converter_0/inst/gen_axilite.gen_b2s_conv.axilite_b2s/RD.r_channel_0/rd_data_fifo_0/cnt_read_reg[4]_rep__0/D
                                                              -0.966        
i_ps/system_i/system_i/xadc/inst/AXI_LITE_IPIF_I/I_SLAVE_ATTACHMENT/INCLUDE_DPHASE_TIMER.dpto_cnt_reg[6]/C
                               i_ps/system_i/system_i/axi_protocol_converter_0/inst/gen_axilite.gen_b2s_conv.axilite_b2s/RD.ar_channel_0/cmd_translator_0/incr_cmd_0/axaddr_incr_reg[0]/D
                                                              -0.963        
i_ps/system_i/system_i/xadc/inst/AXI_LITE_IPIF_I/I_SLAVE_ATTACHMENT/INCLUDE_DPHASE_TIMER.dpto_cnt_reg[6]/C
                               i_ps/system_i/system_i/axi_protocol_converter_0/inst/gen_axilite.gen_b2s_conv.axilite_b2s/RD.ar_channel_0/cmd_translator_0/incr_cmd_0/axaddr_incr_reg[9]/D
                                                              -0.962        
i_ps/system_i/system_i/axi_protocol_converter_0/inst/gen_axilite.gen_b2s_conv.axilite_b2s/SI_REG/aw_pipe/m_payload_i_reg[6]/C
                               i_ps/system_i/system_i/xadc/inst/AXI_LITE_IPIF_I/I_SLAVE_ATTACHMENT/I_DECODER/GEN_BKEND_CE_REGISTERS[13].ce_out_i_reg[13]/D
                                                              -0.955        
i_ps/system_i/system_i/axi_protocol_converter_0/inst/gen_axilite.gen_b2s_conv.axilite_b2s/SI_REG/aw_pipe/m_payload_i_reg[6]/C
                               i_ps/system_i/system_i/xadc/inst/AXI_LITE_IPIF_I/I_SLAVE_ATTACHMENT/I_DECODER/GEN_BKEND_CE_REGISTERS[20].ce_out_i_reg[20]/D
                                                              -0.953        
i_ps/system_i/system_i/axi_protocol_converter_0/inst/gen_axilite.gen_b2s_conv.axilite_b2s/SI_REG/aw_pipe/m_payload_i_reg[6]/C
                               i_ps/system_i/system_i/xadc/inst/AXI_LITE_IPIF_I/I_SLAVE_ATTACHMENT/I_DECODER/GEN_BKEND_CE_REGISTERS[11].ce_out_i_reg[11]/D
                                                              -0.953        
i_ps/system_i/system_i/xadc/inst/AXI_LITE_IPIF_I/I_SLAVE_ATTACHMENT/INCLUDE_DPHASE_TIMER.dpto_cnt_reg[6]/C
                               i_ps/system_i/system_i/axi_protocol_converter_0/inst/gen_axilite.gen_b2s_conv.axilite_b2s/RD.ar_channel_0/cmd_translator_0/incr_cmd_0/axaddr_incr_reg[0]/CE
                                                              -0.950        
i_ps/system_i/system_i/xadc/inst/AXI_LITE_IPIF_I/I_SLAVE_ATTACHMENT/INCLUDE_DPHASE_TIMER.dpto_cnt_reg[6]/C
                               i_ps/system_i/system_i/axi_protocol_converter_0/inst/gen_axilite.gen_b2s_conv.axilite_b2s/RD.ar_channel_0/cmd_translator_0/incr_cmd_0/axaddr_incr_reg[10]/CE
                                                              -0.950        
i_ps/system_i/system_i/xadc/inst/AXI_LITE_IPIF_I/I_SLAVE_ATTACHMENT/INCLUDE_DPHASE_TIMER.dpto_cnt_reg[6]/C
                               i_ps/system_i/system_i/axi_protocol_converter_0/inst/gen_axilite.gen_b2s_conv.axilite_b2s/RD.ar_channel_0/cmd_translator_0/incr_cmd_0/axaddr_incr_reg[1]/CE
                                                              -0.950        
i_ps/system_i/system_i/xadc/inst/AXI_LITE_IPIF_I/I_SLAVE_ATTACHMENT/INCLUDE_DPHASE_TIMER.dpto_cnt_reg[6]/C
                               i_ps/system_i/system_i/axi_protocol_converter_0/inst/gen_axilite.gen_b2s_conv.axilite_b2s/RD.ar_channel_0/cmd_translator_0/incr_cmd_0/axaddr_incr_reg[2]/CE
                                                              -0.950        
i_ps/system_i/system_i/xadc/inst/AXI_LITE_IPIF_I/I_SLAVE_ATTACHMENT/INCLUDE_DPHASE_TIMER.dpto_cnt_reg[6]/C
                               i_ps/system_i/system_i/axi_protocol_converter_0/inst/gen_axilite.gen_b2s_conv.axilite_b2s/RD.ar_channel_0/cmd_translator_0/incr_cmd_0/axaddr_incr_reg[3]/CE
                                                              -0.950        
i_ps/system_i/system_i/xadc/inst/AXI_LITE_IPIF_I/I_SLAVE_ATTACHMENT/INCLUDE_DPHASE_TIMER.dpto_cnt_reg[6]/C
                               i_ps/system_i/system_i/axi_protocol_converter_0/inst/gen_axilite.gen_b2s_conv.axilite_b2s/RD.ar_channel_0/cmd_translator_0/incr_cmd_0/axaddr_incr_reg[8]/CE
                                                              -0.950        
i_ps/system_i/system_i/xadc/inst/AXI_LITE_IPIF_I/I_SLAVE_ATTACHMENT/INCLUDE_DPHASE_TIMER.dpto_cnt_reg[6]/C
                               i_ps/system_i/system_i/axi_protocol_converter_0/inst/gen_axilite.gen_b2s_conv.axilite_b2s/RD.ar_channel_0/cmd_translator_0/incr_cmd_0/axaddr_incr_reg[9]/CE
                                                              -0.950        
i_ps/system_i/system_i/axi_protocol_converter_0/inst/gen_axilite.gen_b2s_conv.axilite_b2s/SI_REG/aw_pipe/m_payload_i_reg[6]/C
                               i_ps/system_i/system_i/xadc/inst/AXI_LITE_IPIF_I/I_SLAVE_ATTACHMENT/I_DECODER/GEN_BKEND_CE_REGISTERS[1].ce_out_i_reg[1]/D
                                                              -0.940        
pwm[2]/vcnt_r_reg[1]/C         pwm[2]/pwm_o_reg/D             -0.474        
pwm[1]/vcnt_r_reg[7]/C         pwm[1]/pwm_o_reg/D             -0.413        
pwm[3]/v_r_reg[3]/C            pwm[3]/pwm_o_reg/D             -0.389        
pwm[0]/v_r_reg[1]/C            pwm[0]/pwm_o_reg/D             -0.216        
pwm[3]/bcnt_reg[3]/C           pwm[3]/v_reg[0]/CE             0.164         
pwm[3]/bcnt_reg[3]/C           pwm[3]/v_reg[1]/CE             0.164         
pwm[3]/bcnt_reg[3]/C           pwm[3]/v_reg[2]/CE             0.164         
pwm[3]/bcnt_reg[3]/C           pwm[3]/v_reg[3]/CE             0.164         
i_ams/dac_a_o_reg[9]/C         pwm[0]/b_reg[9]/D              0.167         
pwm[3]/bcnt_reg[3]/C           pwm[3]/v_reg[4]/CE             0.179         
pwm[3]/bcnt_reg[3]/C           pwm[3]/v_reg[5]/CE             0.179         
pwm[3]/bcnt_reg[3]/C           pwm[3]/v_reg[6]/CE             0.179         
pwm[3]/bcnt_reg[3]/C           pwm[3]/v_reg[7]/CE             0.179         
i_ams/dac_d_o_reg[2]/C         pwm[3]/b_reg[2]/D              0.266         
pwm[0]/vcnt_reg[4]/C           pwm[0]/b_reg[10]/CE            0.283         
pwm[0]/vcnt_reg[4]/C           pwm[0]/b_reg[7]/CE             0.283         
pwm[0]/vcnt_reg[4]/C           pwm[0]/b_reg[8]/CE             0.283         
pwm[0]/vcnt_reg[4]/C           pwm[0]/b_reg[9]/CE             0.283         
pwm[0]/vcnt_reg[4]/C           pwm[0]/b_reg[4]/CE             0.300         
pwm[0]/vcnt_reg[4]/C           pwm[0]/b_reg[5]/CE             0.300         
pwm[0]/vcnt_reg[4]/C           pwm[0]/b_reg[6]/CE             0.300         
pwm_rstn_reg/C                 pwm[1]/pwm_o_reg/R             0.329         
pwm_rstn_reg/C                 pwm[2]/pwm_o_reg/R             0.330         
i_ams/dac_a_o_reg[16]/C        pwm[0]/v_reg[0]/D              0.350         
pwm[3]/vcnt_reg[0]/C           pwm[3]/bcnt_reg[0]/CE          0.386         
pwm[3]/vcnt_reg[0]/C           pwm[3]/bcnt_reg[1]/CE          0.386         
pwm[3]/vcnt_reg[0]/C           pwm[3]/bcnt_reg[2]/CE          0.386         
pwm[3]/vcnt_reg[0]/C           pwm[3]/bcnt_reg[3]/CE          0.386         
pwm[2]/b_reg[0]/C              pwm[2]/v_r_reg[5]/D            0.400         
pwm[2]/b_reg[0]/C              pwm[2]/v_r_reg[6]/D            0.452         
pwm[0]/vcnt_reg[4]/C           pwm[0]/b_reg[0]/CE             0.483         
pwm[0]/vcnt_reg[4]/C           pwm[0]/b_reg[1]/CE             0.483         
pwm[0]/vcnt_reg[4]/C           pwm[0]/b_reg[2]/CE             0.483         
pwm[0]/vcnt_reg[4]/C           pwm[0]/b_reg[3]/CE             0.483         
i_ams/dac_d_o_reg[3]/C         pwm[3]/b_reg[3]/D              0.485         
pwm[0]/vcnt_reg[4]/C           pwm[0]/bcnt_reg[0]/CE          0.492         
pwm[0]/vcnt_reg[4]/C           pwm[0]/bcnt_reg[1]/CE          0.492         
pwm[0]/vcnt_reg[4]/C           pwm[0]/bcnt_reg[2]/CE          0.492         
pwm[0]/vcnt_reg[4]/C           pwm[0]/bcnt_reg[3]/CE          0.492         
i_ams/dac_d_o_reg[7]/C         pwm[3]/b_reg[7]/D              0.495         
pwm[1]/vcnt_reg[4]/C           pwm[1]/v_reg[0]/CE             0.549         
pwm[1]/vcnt_reg[4]/C           pwm[1]/v_reg[5]/CE             0.549         
pwm[1]/vcnt_reg[4]/C           pwm[1]/v_reg[6]/CE             0.549         
pwm[2]/b_reg[0]/C              pwm[2]/v_r_reg[7]/D            0.550         
i_ams/dac_d_o_reg[15]/C        pwm[3]/b_reg[15]/D             0.550         
pwm[2]/vcnt_reg[0]/C           pwm[2]/vcnt_r_reg[0]/D         0.564         
dac_rst_reg/C                  oddr_dac_dat[13]/R             0.567         
i_ams/dac_c_o_reg[0]/C         pwm[2]/b_reg[0]/D              0.581         
dac_rst_reg/C                  oddr_dac_dat[12]/R             0.590         
dac_rst_reg/C                  oddr_dac_dat[0]/R              0.595         
pwm[2]/b_reg[0]/C              pwm[2]/v_r_reg[8]/D            0.596         
dac_rst_reg/C                  oddr_dac_dat[3]/R              0.603         
pwm[2]/vcnt_reg[0]/C           pwm[2]/b_reg[2]/CE             0.605         
pwm[2]/vcnt_reg[0]/C           pwm[2]/b_reg[3]/CE             0.605         
pwm[2]/vcnt_reg[0]/C           pwm[2]/b_reg[4]/CE             0.605         
pwm[2]/vcnt_reg[0]/C           pwm[2]/b_reg[5]/CE             0.605         
pwm[2]/vcnt_reg[0]/C           pwm[2]/b_reg[11]/CE            0.606         
pwm[2]/vcnt_reg[0]/C           pwm[2]/b_reg[7]/CE             0.606         
pwm[2]/vcnt_reg[0]/C           pwm[2]/b_reg[8]/CE             0.606         
pwm[2]/vcnt_reg[0]/C           pwm[2]/b_reg[9]/CE             0.606         
pwm_rstn_reg/C                 pwm[0]/pwm_o_reg/R             0.608         
dac_rst_reg/C                  oddr_dac_dat[2]/R              0.609         
pwm[2]/vcnt_reg[0]/C           pwm[2]/v_reg[0]/CE             0.617         
pwm[2]/vcnt_reg[0]/C           pwm[2]/v_reg[2]/CE             0.617         
pwm[2]/vcnt_reg[0]/C           pwm[2]/v_reg[3]/CE             0.617         
pwm[2]/vcnt_reg[0]/C           pwm[2]/v_reg[6]/CE             0.617         
dac_rst_reg/C                  oddr_dac_dat[6]/R              0.624         
i_ams/dac_a_o_reg[14]/C        pwm[0]/b_reg[14]/D             0.629         
pwm[2]/vcnt_reg[0]/C           pwm[2]/b_reg[0]/CE             0.632         
pwm[2]/vcnt_reg[0]/C           pwm[2]/b_reg[10]/CE            0.632         
pwm[2]/vcnt_reg[0]/C           pwm[2]/b_reg[1]/CE             0.632         
pwm[2]/vcnt_reg[0]/C           pwm[2]/b_reg[6]/CE             0.632         
pwm_rstn_reg/C                 pwm[1]/bcnt_reg[0]/R           0.665         
pwm_rstn_reg/C                 pwm[1]/bcnt_reg[1]/R           0.665         
pwm_rstn_reg/C                 pwm[1]/bcnt_reg[2]/R           0.665         
pwm_rstn_reg/C                 pwm[1]/bcnt_reg[3]/R           0.665         
pwm[0]/vcnt_reg[4]/C           pwm[0]/b_reg[11]/CE            0.673         
pwm[0]/vcnt_reg[4]/C           pwm[0]/b_reg[12]/CE            0.673         
pwm[0]/vcnt_reg[4]/C           pwm[0]/b_reg[13]/CE            0.673         
pwm[0]/vcnt_reg[4]/C           pwm[0]/b_reg[14]/CE            0.673         
dac_rst_reg/C                  oddr_dac_dat[11]/R             0.704         
dac_rst_reg/C                  oddr_dac_dat[5]/R              0.711         
pwm[2]/b_reg[0]/C              pwm[2]/v_r_reg[2]/D            0.712         
pwm[0]/bcnt_reg[3]/C           pwm[0]/v_reg[0]/CE             0.719         
pwm[0]/bcnt_reg[3]/C           pwm[0]/v_reg[1]/CE             0.719         
pwm[0]/bcnt_reg[3]/C           pwm[0]/v_reg[2]/CE             0.719         
pwm[0]/bcnt_reg[3]/C           pwm[0]/v_reg[3]/CE             0.719         
pwm[0]/bcnt_reg[3]/C           pwm[0]/v_reg[4]/CE             0.719         
pwm[0]/bcnt_reg[3]/C           pwm[0]/v_reg[5]/CE             0.719         
pwm[0]/bcnt_reg[3]/C           pwm[0]/v_reg[6]/CE             0.719         
pwm[0]/bcnt_reg[3]/C           pwm[0]/v_reg[7]/CE             0.719         
i_ams/dac_d_o_reg[0]/C         pwm[3]/b_reg[0]/D              0.724         
pwm[2]/b_reg[0]/C              pwm[2]/v_r_reg[3]/D            0.728         
i_ams/dac_c_o_reg[8]/C         pwm[2]/b_reg[8]/D              0.729         
dac_rst_reg/C                  oddr_dac_dat[1]/R              0.734         
dac_rst_reg/C                  oddr_dac_dat[4]/R              0.739         
pwm_rstn_reg/C                 pwm[3]/b_reg[5]/CE             0.742         
pwm_rstn_reg/C                 pwm[3]/b_reg[6]/CE             0.742         
pwm_rstn_reg/C                 pwm[3]/b_reg[7]/CE             0.742         
i_ams/dac_a_o_reg[3]/C         pwm[0]/b_reg[3]/D              0.759         
dac_rst_reg/C                  oddr_dac_dat[7]/R              0.763         
pwm[0]/v_reg[0]/C              pwm[0]/v_r_reg[7]/D            0.763         
i_ams/dac_d_o_reg[8]/C         pwm[3]/b_reg[8]/D              0.763         
pwm_rstn_reg/C                 pwm[3]/bcnt_reg[0]/R           0.767         
pwm_rstn_reg/C                 pwm[3]/bcnt_reg[1]/R           0.767         
pwm_rstn_reg/C                 pwm[3]/bcnt_reg[2]/R           0.767         
pwm_rstn_reg/C                 pwm[3]/bcnt_reg[3]/R           0.767         
dac_rst_reg/C                  oddr_dac_dat[9]/R              0.771         
pwm[2]/vcnt_reg[0]/C           pwm[2]/bcnt_reg[0]/CE          0.772         
pwm[2]/vcnt_reg[0]/C           pwm[2]/bcnt_reg[1]/CE          0.772         
pwm[2]/vcnt_reg[0]/C           pwm[2]/bcnt_reg[2]/CE          0.772         
pwm[2]/vcnt_reg[0]/C           pwm[2]/bcnt_reg[3]/CE          0.772         
dac_rst_reg/C                  oddr_dac_dat[8]/R              0.784         
dac_rst_reg/C                  oddr_dac_sel/R                 0.984         
dac_rst_reg/C                  oddr_dac_dat[10]/R             1.237         
dac_dat_a_reg[3]/C             oddr_dac_dat[3]/D2             1.690         
dac_dat_a_reg[1]/C             oddr_dac_dat[1]/D2             1.796         
dac_dat_a_reg[0]/C             oddr_dac_dat[0]/D2             1.797         
dac_dat_a_reg[5]/C             oddr_dac_dat[5]/D2             1.827         
dac_dat_a_reg[13]/C            oddr_dac_dat[13]/D2            1.861         
dac_dat_a_reg[11]/C            oddr_dac_dat[11]/D2            1.938         
dac_dat_a_reg[6]/C             oddr_dac_dat[6]/D2             1.939         
dac_dat_a_reg[7]/C             oddr_dac_dat[7]/D2             1.972         
dac_dat_a_reg[8]/C             oddr_dac_dat[8]/D2             1.982         
dac_dat_a_reg[9]/C             oddr_dac_dat[9]/D2             1.993         
dac_dat_a_reg[12]/C            oddr_dac_dat[12]/D2            1.999         
dac_rst_reg/C                  oddr_dac_rst/D2                2.009         
dac_dat_a_reg[4]/C             oddr_dac_dat[4]/D2             2.044         
dac_dat_a_reg[2]/C             oddr_dac_dat[2]/D2             2.045         
i_dsp/sum1_reg[14]/C           dac_dat_a_reg[1]/D             2.054         
i_dsp/sum1_reg[14]/C           dac_dat_a_reg[12]/D            2.088         
dac_dat_a_reg[10]/C            oddr_dac_dat[10]/D2            2.130         
i_dsp/sum2_reg[14]/C           dac_dat_b_reg[1]/D             2.149         
i_dsp/sum2_reg[14]/C           dac_dat_b_reg[12]/D            2.314         
i_dsp/sum1_reg[14]/C           dac_dat_a_reg[0]/D             2.554         
i_dsp/sum2_reg[14]/C           dac_dat_b_reg[5]/D             2.574         
i_dsp/sum1_reg[14]/C           dac_dat_a_reg[4]/D             2.600         
i_dsp/sum2_reg[14]/C           dac_dat_b_reg[2]/D             2.612         
i_dsp/sum2_reg[13]/C           dac_dat_b_reg[10]/D            2.656         
i_dsp/sum2_reg[13]/C           dac_dat_b_reg[3]/D             2.667         
i_dsp/sum2_reg[13]/C           dac_dat_b_reg[0]/D             2.728         
i_dsp/sum1_reg[17]/C           dac_dat_a_reg[13]/D            2.735         
i_dsp/sum1_reg[14]/C           dac_dat_a_reg[3]/D             2.746         
i_dsp/sum1_reg[14]/C           dac_dat_a_reg[2]/D             2.901         
i_dsp/sum2_reg[14]/C           dac_dat_b_reg[4]/D             2.917         
i_dsp/sum2_reg[9]/C            dac_dat_b_reg[9]/D             3.032         
i_dsp/sum1_reg[15]/C           dac_dat_a_reg[10]/D            3.079         
i_dsp/sum1_reg[15]/C           dac_dat_a_reg[11]/D            3.096         
i_dsp/sum1_reg[14]/C           dac_dat_a_reg[9]/D             3.101         
i_dsp/sum2_reg[14]/C           dac_dat_b_reg[7]/D             3.218         
i_dsp/sum1_reg[14]/C           dac_dat_a_reg[8]/D             3.219         
i_dsp/sum2_reg[14]/C           dac_dat_b_reg[6]/D             3.326         
i_dsp/sum2_reg[8]/C            dac_dat_b_reg[8]/D             3.562         
i_dsp/sum1_reg[14]/C           dac_dat_a_reg[6]/D             3.624         
i_dsp/sum1_reg[14]/C           dac_dat_a_reg[7]/D             3.661         
i_dsp/sum1_reg[13]/C           dac_dat_a_reg[5]/D             3.671         
i_dsp/sum2_reg[14]/C           dac_dat_b_reg[11]/D            3.909         
i_dsp/sum2_reg[17]/C           dac_dat_b_reg[13]/D            4.038         
dac_rst_reg/C                  oddr_dac_rst/D1                5.146         
dac_dat_b_reg[4]/C             oddr_dac_dat[4]/D1             5.607         
dac_dat_b_reg[1]/C             oddr_dac_dat[1]/D1             5.661         
dac_dat_b_reg[3]/C             oddr_dac_dat[3]/D1             5.691         
dac_dat_b_reg[0]/C             oddr_dac_dat[0]/D1             5.754         
dac_dat_b_reg[13]/C            oddr_dac_dat[13]/D1            5.804         
dac_dat_b_reg[7]/C             oddr_dac_dat[7]/D1             5.855         
dac_dat_b_reg[12]/C            oddr_dac_dat[12]/D1            5.867         
dac_dat_b_reg[8]/C             oddr_dac_dat[8]/D1             5.893         
dac_dat_b_reg[10]/C            oddr_dac_dat[10]/D1            5.901         
dac_dat_b_reg[11]/C            oddr_dac_dat[11]/D1            5.938         
dac_dat_b_reg[5]/C             oddr_dac_dat[5]/D1             5.982         
dac_dat_b_reg[9]/C             oddr_dac_dat[9]/D1             5.994         
dac_dat_b_reg[6]/C             oddr_dac_dat[6]/D1             5.994         
dac_dat_b_reg[2]/C             oddr_dac_dat[2]/D1             6.047         



